<?xml version="1.0" encoding="UTF-8" ?>
<testsuites>
  <testsuite errors="1" failures="5" hostname="Ezequiels-MacBook-Air.local" id="0" name="CarBrandControllerSpec" package="CarInsurance" tests="7" time="7.97" timestamp="2013-10-15T04:56:53">
      <properties />

      <testcase classname="CarInsurance.CarBrandControllerSpec" name="Test the index action returns the correct model" time="5.055" />

      <testcase classname="CarInsurance.CarBrandControllerSpec" name="Test the create action returns the correct model" time="0.57">
          <failure message="Condition not satisfied:&#xa;&#xa;model.carBrandInstance!= null&#xa;|     |               |&#xa;[:]   null            false&#xa;" type="junit.framework.AssertionFailedError">junit.framework.AssertionFailedError: Condition not satisfied:

model.carBrandInstance!= null
|     |               |
[:]   null            false

	at CarInsurance.CarBrandControllerSpec.Test the create action returns the correct model(CarBrandControllerSpec.groovy:33)
</failure>

      </testcase>

      <testcase classname="CarInsurance.CarBrandControllerSpec" name="Test the save action correctly persists an instance" time="0.666">
          <error message="Cannot redirect for object [null] it is not a domain or has no identifier. Use an explicit redirect instead " type="org.codehaus.groovy.grails.web.servlet.mvc.exceptions.CannotRedirectException">org.codehaus.groovy.grails.web.servlet.mvc.exceptions.CannotRedirectException: Cannot redirect for object [null] it is not a domain or has no identifier. Use an explicit redirect instead 
	at CarInsurance.CarBrandController.save_closure4_closure9_closure10(CarBrandController.groovy:43)
	at CarInsurance.CarBrandController.save_closure4(CarBrandController.groovy:40)
	at CarInsurance.CarBrandControllerSpec.Test the save action correctly persists an instance(CarBrandControllerSpec.groovy:52)
</error>

      </testcase>

      <testcase classname="CarInsurance.CarBrandControllerSpec" name="Test that the show action returns the correct model" time="0.293">
          <failure message="Condition not satisfied:&#xa;&#xa;model.carBrandInstance == carBrand&#xa;|     |                |  |&#xa;[:]   null             |  CarInsurance.CarBrand@6d3175fc&#xa;                       false&#xa;" type="junit.framework.AssertionFailedError">junit.framework.AssertionFailedError: Condition not satisfied:

model.carBrandInstance == carBrand
|     |                |  |
[:]   null             |  CarInsurance.CarBrand@6d3175fc
                       false

	at CarInsurance.CarBrandControllerSpec.Test that the show action returns the correct model(CarBrandControllerSpec.groovy:73)
</failure>

      </testcase>

      <testcase classname="CarInsurance.CarBrandControllerSpec" name="Test that the edit action returns the correct model" time="0.261">
          <failure message="Condition not satisfied:&#xa;&#xa;model.carBrandInstance == carBrand&#xa;|     |                |  |&#xa;[:]   null             |  CarInsurance.CarBrand@b2e359a&#xa;                       false&#xa;" type="junit.framework.AssertionFailedError">junit.framework.AssertionFailedError: Condition not satisfied:

model.carBrandInstance == carBrand
|     |                |  |
[:]   null             |  CarInsurance.CarBrand@b2e359a
                       false

	at CarInsurance.CarBrandControllerSpec.Test that the edit action returns the correct model(CarBrandControllerSpec.groovy:89)
</failure>

      </testcase>

      <testcase classname="CarInsurance.CarBrandControllerSpec" name="Test the update action performs an update on a valid domain instance" time="0.502">
          <failure message="Condition not satisfied:&#xa;&#xa;status == 404&#xa;|      |&#xa;302    false&#xa;" type="junit.framework.AssertionFailedError">junit.framework.AssertionFailedError: Condition not satisfied:

status == 404
|      |
302    false

	at CarInsurance.CarBrandControllerSpec.Test the update action performs an update on a valid domain instance(CarBrandControllerSpec.groovy:97)
</failure>

      </testcase>

      <testcase classname="CarInsurance.CarBrandControllerSpec" name="Test that the delete action deletes an instance if it exists" time="0.271">
          <failure message="Condition not satisfied:&#xa;&#xa;status == 404&#xa;|      |&#xa;302    false&#xa;" type="junit.framework.AssertionFailedError">junit.framework.AssertionFailedError: Condition not satisfied:

status == 404
|      |
302    false

	at CarInsurance.CarBrandControllerSpec.Test that the delete action deletes an instance if it exists(CarBrandControllerSpec.groovy:125)
</failure>

      </testcase>

      <system-out><![CDATA[--Output from Test the index action returns the correct model--
--Output from Test the create action returns the correct model--
--Output from Test the save action correctly persists an instance--
--Output from Test that the show action returns the correct model--
--Output from Test that the edit action returns the correct model--
--Output from Test the update action performs an update on a valid domain instance--
--Output from Test that the delete action deletes an instance if it exists--
]]></system-out>

      <system-err><![CDATA[--Output from Test the index action returns the correct model--
--Output from Test the create action returns the correct model--
--Output from Test the save action correctly persists an instance--
--Output from Test that the show action returns the correct model--
--Output from Test that the edit action returns the correct model--
--Output from Test the update action performs an update on a valid domain instance--
--Output from Test that the delete action deletes an instance if it exists--
]]></system-err>

  </testsuite>
  <testsuite errors="1" failures="5" hostname="Ezequiels-MacBook-Air.local" id="1" name="CarModelControllerSpec" package="CarInsurance" tests="7" time="1.781" timestamp="2013-10-15T04:57:01">
      <properties />

      <testcase classname="CarInsurance.CarModelControllerSpec" name="Test the index action returns the correct model" time="0.537" />

      <testcase classname="CarInsurance.CarModelControllerSpec" name="Test the create action returns the correct model" time="0.133">
          <failure message="Condition not satisfied:&#xa;&#xa;model.carModelInstance!= null&#xa;|     |               |&#xa;[:]   null            false&#xa;" type="junit.framework.AssertionFailedError">junit.framework.AssertionFailedError: Condition not satisfied:

model.carModelInstance!= null
|     |               |
[:]   null            false

	at CarInsurance.CarModelControllerSpec.Test the create action returns the correct model(CarModelControllerSpec.groovy:33)
</failure>

      </testcase>

      <testcase classname="CarInsurance.CarModelControllerSpec" name="Test the save action correctly persists an instance" time="0.175">
          <error message="Cannot redirect for object [null] it is not a domain or has no identifier. Use an explicit redirect instead " type="org.codehaus.groovy.grails.web.servlet.mvc.exceptions.CannotRedirectException">org.codehaus.groovy.grails.web.servlet.mvc.exceptions.CannotRedirectException: Cannot redirect for object [null] it is not a domain or has no identifier. Use an explicit redirect instead 
	at CarInsurance.CarModelController.save_closure4_closure9_closure10(CarModelController.groovy:43)
	at CarInsurance.CarModelController.save_closure4(CarModelController.groovy:40)
	at CarInsurance.CarModelControllerSpec.Test the save action correctly persists an instance(CarModelControllerSpec.groovy:52)
</error>

      </testcase>

      <testcase classname="CarInsurance.CarModelControllerSpec" name="Test that the show action returns the correct model" time="0.159">
          <failure message="Condition not satisfied:&#xa;&#xa;model.carModelInstance == carModel&#xa;|     |                |  |&#xa;[:]   null             |  CarInsurance.CarModel@58973101&#xa;                       false&#xa;" type="junit.framework.AssertionFailedError">junit.framework.AssertionFailedError: Condition not satisfied:

model.carModelInstance == carModel
|     |                |  |
[:]   null             |  CarInsurance.CarModel@58973101
                       false

	at CarInsurance.CarModelControllerSpec.Test that the show action returns the correct model(CarModelControllerSpec.groovy:73)
</failure>

      </testcase>

      <testcase classname="CarInsurance.CarModelControllerSpec" name="Test that the edit action returns the correct model" time="0.109">
          <failure message="Condition not satisfied:&#xa;&#xa;model.carModelInstance == carModel&#xa;|     |                |  |&#xa;[:]   null             |  CarInsurance.CarModel@10c8a294&#xa;                       false&#xa;" type="junit.framework.AssertionFailedError">junit.framework.AssertionFailedError: Condition not satisfied:

model.carModelInstance == carModel
|     |                |  |
[:]   null             |  CarInsurance.CarModel@10c8a294
                       false

	at CarInsurance.CarModelControllerSpec.Test that the edit action returns the correct model(CarModelControllerSpec.groovy:89)
</failure>

      </testcase>

      <testcase classname="CarInsurance.CarModelControllerSpec" name="Test the update action performs an update on a valid domain instance" time="0.229">
          <failure message="Condition not satisfied:&#xa;&#xa;status == 404&#xa;|      |&#xa;302    false&#xa;" type="junit.framework.AssertionFailedError">junit.framework.AssertionFailedError: Condition not satisfied:

status == 404
|      |
302    false

	at CarInsurance.CarModelControllerSpec.Test the update action performs an update on a valid domain instance(CarModelControllerSpec.groovy:97)
</failure>

      </testcase>

      <testcase classname="CarInsurance.CarModelControllerSpec" name="Test that the delete action deletes an instance if it exists" time="0.1">
          <failure message="Condition not satisfied:&#xa;&#xa;status == 404&#xa;|      |&#xa;302    false&#xa;" type="junit.framework.AssertionFailedError">junit.framework.AssertionFailedError: Condition not satisfied:

status == 404
|      |
302    false

	at CarInsurance.CarModelControllerSpec.Test that the delete action deletes an instance if it exists(CarModelControllerSpec.groovy:125)
</failure>

      </testcase>

      <system-out><![CDATA[--Output from Test the index action returns the correct model--
--Output from Test the create action returns the correct model--
--Output from Test the save action correctly persists an instance--
--Output from Test that the show action returns the correct model--
--Output from Test that the edit action returns the correct model--
--Output from Test the update action performs an update on a valid domain instance--
--Output from Test that the delete action deletes an instance if it exists--
]]></system-out>

      <system-err><![CDATA[--Output from Test the index action returns the correct model--
--Output from Test the create action returns the correct model--
--Output from Test the save action correctly persists an instance--
--Output from Test that the show action returns the correct model--
--Output from Test that the edit action returns the correct model--
--Output from Test the update action performs an update on a valid domain instance--
--Output from Test that the delete action deletes an instance if it exists--
]]></system-err>

  </testsuite>
  <testsuite errors="1" failures="5" hostname="Ezequiels-MacBook-Air.local" id="2" name="PreguntaControllerSpec" package="CarInsurance" tests="7" time="1.698" timestamp="2013-10-15T04:57:03">
      <properties />

      <testcase classname="CarInsurance.PreguntaControllerSpec" name="Test the index action returns the correct model" time="0.485" />

      <testcase classname="CarInsurance.PreguntaControllerSpec" name="Test the create action returns the correct model" time="0.103">
          <failure message="Condition not satisfied:&#xa;&#xa;model.preguntaInstance!= null&#xa;|     |               |&#xa;[:]   null            false&#xa;" type="junit.framework.AssertionFailedError">junit.framework.AssertionFailedError: Condition not satisfied:

model.preguntaInstance!= null
|     |               |
[:]   null            false

	at CarInsurance.PreguntaControllerSpec.Test the create action returns the correct model(PreguntaControllerSpec.groovy:33)
</failure>

      </testcase>

      <testcase classname="CarInsurance.PreguntaControllerSpec" name="Test the save action correctly persists an instance" time="0.217">
          <error message="Cannot redirect for object [null] it is not a domain or has no identifier. Use an explicit redirect instead " type="org.codehaus.groovy.grails.web.servlet.mvc.exceptions.CannotRedirectException">org.codehaus.groovy.grails.web.servlet.mvc.exceptions.CannotRedirectException: Cannot redirect for object [null] it is not a domain or has no identifier. Use an explicit redirect instead 
	at CarInsurance.PreguntaController.save_closure4_closure9_closure10(PreguntaController.groovy:43)
	at CarInsurance.PreguntaController.save_closure4(PreguntaController.groovy:40)
	at CarInsurance.PreguntaControllerSpec.Test the save action correctly persists an instance(PreguntaControllerSpec.groovy:52)
</error>

      </testcase>

      <testcase classname="CarInsurance.PreguntaControllerSpec" name="Test that the show action returns the correct model" time="0.07">
          <failure message="Condition not satisfied:&#xa;&#xa;model.preguntaInstance == pregunta&#xa;|     |                |  |&#xa;[:]   null             |  CarInsurance.Pregunta@56f1e4bd&#xa;                       false&#xa;" type="junit.framework.AssertionFailedError">junit.framework.AssertionFailedError: Condition not satisfied:

model.preguntaInstance == pregunta
|     |                |  |
[:]   null             |  CarInsurance.Pregunta@56f1e4bd
                       false

	at CarInsurance.PreguntaControllerSpec.Test that the show action returns the correct model(PreguntaControllerSpec.groovy:73)
</failure>

      </testcase>

      <testcase classname="CarInsurance.PreguntaControllerSpec" name="Test that the edit action returns the correct model" time="0.099">
          <failure message="Condition not satisfied:&#xa;&#xa;model.preguntaInstance == pregunta&#xa;|     |                |  |&#xa;[:]   null             |  CarInsurance.Pregunta@3a90e7b&#xa;                       false&#xa;" type="junit.framework.AssertionFailedError">junit.framework.AssertionFailedError: Condition not satisfied:

model.preguntaInstance == pregunta
|     |                |  |
[:]   null             |  CarInsurance.Pregunta@3a90e7b
                       false

	at CarInsurance.PreguntaControllerSpec.Test that the edit action returns the correct model(PreguntaControllerSpec.groovy:89)
</failure>

      </testcase>

      <testcase classname="CarInsurance.PreguntaControllerSpec" name="Test the update action performs an update on a valid domain instance" time="0.136">
          <failure message="Condition not satisfied:&#xa;&#xa;status == 404&#xa;|      |&#xa;302    false&#xa;" type="junit.framework.AssertionFailedError">junit.framework.AssertionFailedError: Condition not satisfied:

status == 404
|      |
302    false

	at CarInsurance.PreguntaControllerSpec.Test the update action performs an update on a valid domain instance(PreguntaControllerSpec.groovy:97)
</failure>

      </testcase>

      <testcase classname="CarInsurance.PreguntaControllerSpec" name="Test that the delete action deletes an instance if it exists" time="0.083">
          <failure message="Condition not satisfied:&#xa;&#xa;status == 404&#xa;|      |&#xa;302    false&#xa;" type="junit.framework.AssertionFailedError">junit.framework.AssertionFailedError: Condition not satisfied:

status == 404
|      |
302    false

	at CarInsurance.PreguntaControllerSpec.Test that the delete action deletes an instance if it exists(PreguntaControllerSpec.groovy:125)
</failure>

      </testcase>

      <system-out><![CDATA[--Output from Test the index action returns the correct model--
--Output from Test the create action returns the correct model--
--Output from Test the save action correctly persists an instance--
--Output from Test that the show action returns the correct model--
--Output from Test that the edit action returns the correct model--
--Output from Test the update action performs an update on a valid domain instance--
--Output from Test that the delete action deletes an instance if it exists--
]]></system-out>

      <system-err><![CDATA[--Output from Test the index action returns the correct model--
--Output from Test the create action returns the correct model--
--Output from Test the save action correctly persists an instance--
--Output from Test that the show action returns the correct model--
--Output from Test that the edit action returns the correct model--
--Output from Test the update action performs an update on a valid domain instance--
--Output from Test that the delete action deletes an instance if it exists--
]]></system-err>

  </testsuite>
  <testsuite errors="1" failures="2" hostname="Ezequiels-MacBook-Air.local" id="3" name="InsuranceCompanyControllerSpec" package="smarty2" tests="7" time="1.884" timestamp="2013-10-15T04:57:05">
      <properties />

      <testcase classname="smarty2.InsuranceCompanyControllerSpec" name="Test the index action returns the correct model" time="0.925" />

      <testcase classname="smarty2.InsuranceCompanyControllerSpec" name="Test the create action returns the correct model" time="0.051" />

      <testcase classname="smarty2.InsuranceCompanyControllerSpec" name="Test the save action correctly persists an instance" time="0.096">
          <error message="Cannot redirect for object [null] it is not a domain or has no identifier. Use an explicit redirect instead " type="org.codehaus.groovy.grails.web.servlet.mvc.exceptions.CannotRedirectException">org.codehaus.groovy.grails.web.servlet.mvc.exceptions.CannotRedirectException: Cannot redirect for object [null] it is not a domain or has no identifier. Use an explicit redirect instead 
	at smarty2.InsuranceCompanyController.save_closure4_closure9_closure10(InsuranceCompanyController.groovy:43)
	at smarty2.InsuranceCompanyController.save_closure4(InsuranceCompanyController.groovy:40)
	at smarty2.InsuranceCompanyControllerSpec.Test the save action correctly persists an instance(InsuranceCompanyControllerSpec.groovy:52)
</error>

      </testcase>

      <testcase classname="smarty2.InsuranceCompanyControllerSpec" name="Test that the show action returns the correct model" time="0.124" />

      <testcase classname="smarty2.InsuranceCompanyControllerSpec" name="Test that the edit action returns the correct model" time="0.063" />

      <testcase classname="smarty2.InsuranceCompanyControllerSpec" name="Test the update action performs an update on a valid domain instance" time="0.122">
          <failure message="Condition not satisfied:&#xa;&#xa;status == 404&#xa;|      |&#xa;302    false&#xa;" type="junit.framework.AssertionFailedError">junit.framework.AssertionFailedError: Condition not satisfied:

status == 404
|      |
302    false

	at smarty2.InsuranceCompanyControllerSpec.Test the update action performs an update on a valid domain instance(InsuranceCompanyControllerSpec.groovy:97)
</failure>

      </testcase>

      <testcase classname="smarty2.InsuranceCompanyControllerSpec" name="Test that the delete action deletes an instance if it exists" time="0.079">
          <failure message="Condition not satisfied:&#xa;&#xa;status == 404&#xa;|      |&#xa;302    false&#xa;" type="junit.framework.AssertionFailedError">junit.framework.AssertionFailedError: Condition not satisfied:

status == 404
|      |
302    false

	at smarty2.InsuranceCompanyControllerSpec.Test that the delete action deletes an instance if it exists(InsuranceCompanyControllerSpec.groovy:125)
</failure>

      </testcase>

      <system-out><![CDATA[--Output from Test the index action returns the correct model--
--Output from Test the create action returns the correct model--
--Output from Test the save action correctly persists an instance--
--Output from Test that the show action returns the correct model--
--Output from Test that the edit action returns the correct model--
--Output from Test the update action performs an update on a valid domain instance--
--Output from Test that the delete action deletes an instance if it exists--
]]></system-out>

      <system-err><![CDATA[--Output from Test the index action returns the correct model--
--Output from Test the create action returns the correct model--
--Output from Test the save action correctly persists an instance--
--Output from Test that the show action returns the correct model--
--Output from Test that the edit action returns the correct model--
--Output from Test the update action performs an update on a valid domain instance--
--Output from Test that the delete action deletes an instance if it exists--
]]></system-err>

  </testsuite>
  <testsuite errors="1" failures="2" hostname="Ezequiels-MacBook-Air.local" id="4" name="InsuranceControllerSpec" package="smarty2" tests="7" time="1.105" timestamp="2013-10-15T04:57:07">
      <properties />

      <testcase classname="smarty2.InsuranceControllerSpec" name="Test the index action returns the correct model" time="0.266" />

      <testcase classname="smarty2.InsuranceControllerSpec" name="Test the create action returns the correct model" time="0.051" />

      <testcase classname="smarty2.InsuranceControllerSpec" name="Test the save action correctly persists an instance" time="0.093">
          <error message="Cannot redirect for object [smarty2.Insurance : (unsaved)] it is not a domain or has no identifier. Use an explicit redirect instead " type="org.codehaus.groovy.grails.web.servlet.mvc.exceptions.CannotRedirectException">org.codehaus.groovy.grails.web.servlet.mvc.exceptions.CannotRedirectException: Cannot redirect for object [smarty2.Insurance : (unsaved)] it is not a domain or has no identifier. Use an explicit redirect instead 
	at smarty2.InsuranceController.save_closure4_closure9_closure10(InsuranceController.groovy:43)
	at smarty2.InsuranceController.save_closure4(InsuranceController.groovy:40)
	at smarty2.InsuranceControllerSpec.Test the save action correctly persists an instance(InsuranceControllerSpec.groovy:52)
</error>

      </testcase>

      <testcase classname="smarty2.InsuranceControllerSpec" name="Test that the show action returns the correct model" time="0.059" />

      <testcase classname="smarty2.InsuranceControllerSpec" name="Test that the edit action returns the correct model" time="0.055" />

      <testcase classname="smarty2.InsuranceControllerSpec" name="Test the update action performs an update on a valid domain instance" time="0.094">
          <failure message="Condition not satisfied:&#xa;&#xa;status == 404&#xa;|      |&#xa;302    false&#xa;" type="junit.framework.AssertionFailedError">junit.framework.AssertionFailedError: Condition not satisfied:

status == 404
|      |
302    false

	at smarty2.InsuranceControllerSpec.Test the update action performs an update on a valid domain instance(InsuranceControllerSpec.groovy:97)
</failure>

      </testcase>

      <testcase classname="smarty2.InsuranceControllerSpec" name="Test that the delete action deletes an instance if it exists" time="0.056">
          <failure message="Condition not satisfied:&#xa;&#xa;status == 404&#xa;|      |&#xa;302    false&#xa;" type="junit.framework.AssertionFailedError">junit.framework.AssertionFailedError: Condition not satisfied:

status == 404
|      |
302    false

	at smarty2.InsuranceControllerSpec.Test that the delete action deletes an instance if it exists(InsuranceControllerSpec.groovy:125)
</failure>

      </testcase>

      <system-out><![CDATA[--Output from Test the index action returns the correct model--
--Output from Test the create action returns the correct model--
--Output from Test the save action correctly persists an instance--
--Output from Test that the show action returns the correct model--
--Output from Test that the edit action returns the correct model--
--Output from Test the update action performs an update on a valid domain instance--
--Output from Test that the delete action deletes an instance if it exists--
]]></system-out>

      <system-err><![CDATA[--Output from Test the index action returns the correct model--
--Output from Test the create action returns the correct model--
--Output from Test the save action correctly persists an instance--
--Output from Test that the show action returns the correct model--
--Output from Test that the edit action returns the correct model--
--Output from Test the update action performs an update on a valid domain instance--
--Output from Test that the delete action deletes an instance if it exists--
]]></system-err>

  </testsuite>
</testsuites>
